android/app/buildss/intermediates/manifest_merge_blame_file/release/processReleaseMainManifest/manifest-merger-blame-release-report.txt
1<?xml version="1.0" encoding="utf-8"?>
2<manifest xmlns:android="http://schemas.android.com/apk/res/android"
3    package="com.anonymous.dashwaverntest"
4    android:versionCode="1"
5    android:versionName="1.0.0" >
6
7    <uses-sdk
8        android:minSdkVersion="24"
9        android:targetSdkVersion="34" />
10
11    <uses-permission android:name="android.permission.INTERNET" />
11-->src/main/AndroidManifest.xml:2:3-64
11-->src/main/AndroidManifest.xml:2:20-62
12    <uses-permission android:name="android.permission.READ_EXTERNAL_STORAGE" />
12-->src/main/AndroidManifest.xml:3:3-77
12-->src/main/AndroidManifest.xml:3:20-75
13    <uses-permission android:name="android.permission.SYSTEM_ALERT_WINDOW" />
13-->src/main/AndroidManifest.xml:4:3-75
13-->src/main/AndroidManifest.xml:4:20-73
14    <uses-permission android:name="android.permission.VIBRATE" />
14-->src/main/AndroidManifest.xml:5:3-63
14-->src/main/AndroidManifest.xml:5:20-61
15    <uses-permission android:name="android.permission.WRITE_EXTERNAL_STORAGE" />
15-->src/main/AndroidManifest.xml:6:3-78
15-->src/main/AndroidManifest.xml:6:20-76
16
17    <queries>
17-->src/main/AndroidManifest.xml:7:3-13:13
18        <intent>
18-->src/main/AndroidManifest.xml:8:5-12:14
19            <action android:name="android.intent.action.VIEW" />
19-->src/main/AndroidManifest.xml:9:7-58
19-->src/main/AndroidManifest.xml:9:15-56
20
21            <category android:name="android.intent.category.BROWSABLE" />
21-->src/main/AndroidManifest.xml:10:7-67
21-->src/main/AndroidManifest.xml:10:17-65
22
23            <data android:scheme="https" />
23-->src/main/AndroidManifest.xml:11:7-37
23-->src/main/AndroidManifest.xml:11:13-35
24        </intent>
25        <!-- Query open documents -->
26        <intent>
26-->[:expo-file-system] AndroidManifest.xml:15:9-17:18
27            <action android:name="android.intent.action.OPEN_DOCUMENT_TREE" />
27-->[:expo-file-system] AndroidManifest.xml:16:13-79
27-->[:expo-file-system] AndroidManifest.xml:16:21-76
28        </intent>
29        <intent>
29-->[:expo-web-browser] AndroidManifest.xml:8:9-12:18
30
31            <!-- Required for opening tabs if targeting API 30 -->
32            <action android:name="android.support.customtabs.action.CustomTabsService" />
32-->[:expo-web-browser] AndroidManifest.xml:11:13-90
32-->[:expo-web-browser] AndroidManifest.xml:11:21-87
33        </intent>
34    </queries>
35
36    <permission
36-->[androidx.core:core:1.13.1] AndroidManifest.xml:22:5-24:47
37        android:name="com.anonymous.dashwaverntest.DYNAMIC_RECEIVER_NOT_EXPORTED_PERMISSION"
37-->[androidx.core:core:1.13.1] AndroidManifest.xml:23:9-81
38        android:protectionLevel="signature" />
38-->[androidx.core:core:1.13.1] AndroidManifest.xml:24:9-44
39
40    <uses-permission android:name="com.anonymous.dashwaverntest.DYNAMIC_RECEIVER_NOT_EXPORTED_PERMISSION" />
40-->[androidx.core:core:1.13.1] AndroidManifest.xml:26:5-97
40-->[androidx.core:core:1.13.1] AndroidManifest.xml:26:22-94
41
42    <application
42-->src/main/AndroidManifest.xml:14:3-31:17
43        android:name="com.anonymous.dashwaverntest.MainApplication"
43-->src/main/AndroidManifest.xml:14:16-47
44        android:allowBackup="true"
44-->src/main/AndroidManifest.xml:14:162-188
45        android:appComponentFactory="androidx.core.app.CoreComponentFactory"
45-->[androidx.core:core:1.13.1] AndroidManifest.xml:28:18-86
46        android:extractNativeLibs="false"
47        android:icon="@mipmap/ic_launcher"
47-->src/main/AndroidManifest.xml:14:81-115
48        android:label="@string/app_name"
48-->src/main/AndroidManifest.xml:14:48-80
49        android:roundIcon="@mipmap/ic_launcher_round"
49-->src/main/AndroidManifest.xml:14:116-161
50        android:supportsRtl="true"
50-->src/main/AndroidManifest.xml:14:221-247
51        android:theme="@style/AppTheme" >
51-->src/main/AndroidManifest.xml:14:189-220
52        <meta-data
52-->src/main/AndroidManifest.xml:15:5-83
53            android:name="expo.modules.updates.ENABLED"
53-->src/main/AndroidManifest.xml:15:16-59
54            android:value="false" />
54-->src/main/AndroidManifest.xml:15:60-81
55        <meta-data
55-->src/main/AndroidManifest.xml:16:5-105
56            android:name="expo.modules.updates.EXPO_UPDATES_CHECK_ON_LAUNCH"
56-->src/main/AndroidManifest.xml:16:16-80
57            android:value="ALWAYS" />
57-->src/main/AndroidManifest.xml:16:81-103
58        <meta-data
58-->src/main/AndroidManifest.xml:17:5-99
59            android:name="expo.modules.updates.EXPO_UPDATES_LAUNCH_WAIT_MS"
59-->src/main/AndroidManifest.xml:17:16-79
60            android:value="0" />
60-->src/main/AndroidManifest.xml:17:80-97
61
62        <activity
62-->src/main/AndroidManifest.xml:18:5-30:16
63            android:name="com.anonymous.dashwaverntest.MainActivity"
63-->src/main/AndroidManifest.xml:18:15-43
64            android:configChanges="keyboard|keyboardHidden|orientation|screenSize|screenLayout|uiMode"
64-->src/main/AndroidManifest.xml:18:44-134
65            android:exported="true"
65-->src/main/AndroidManifest.xml:18:256-279
66            android:launchMode="singleTask"
66-->src/main/AndroidManifest.xml:18:135-166
67            android:screenOrientation="portrait"
67-->src/main/AndroidManifest.xml:18:280-316
68            android:theme="@style/Theme.App.SplashScreen"
68-->src/main/AndroidManifest.xml:18:210-255
69            android:windowSoftInputMode="adjustResize" >
69-->src/main/AndroidManifest.xml:18:167-209
70            <intent-filter>
70-->src/main/AndroidManifest.xml:19:7-22:23
71                <action android:name="android.intent.action.MAIN" />
71-->src/main/AndroidManifest.xml:20:9-60
71-->src/main/AndroidManifest.xml:20:17-58
72
73                <category android:name="android.intent.category.LAUNCHER" />
73-->src/main/AndroidManifest.xml:21:9-68
73-->src/main/AndroidManifest.xml:21:19-66
74            </intent-filter>
75            <intent-filter>
75-->src/main/AndroidManifest.xml:23:7-29:23
76                <action android:name="android.intent.action.VIEW" />
76-->src/main/AndroidManifest.xml:9:7-58
76-->src/main/AndroidManifest.xml:9:15-56
77
78                <category android:name="android.intent.category.DEFAULT" />
78-->src/main/AndroidManifest.xml:25:9-67
78-->src/main/AndroidManifest.xml:25:19-65
79                <category android:name="android.intent.category.BROWSABLE" />
79-->src/main/AndroidManifest.xml:10:7-67
79-->src/main/AndroidManifest.xml:10:17-65
80
81                <data android:scheme="myapp" />
81-->src/main/AndroidManifest.xml:11:7-37
81-->src/main/AndroidManifest.xml:11:13-35
82                <data android:scheme="com.anonymous.dashwaverntest" />
82-->src/main/AndroidManifest.xml:11:7-37
82-->src/main/AndroidManifest.xml:11:13-35
83            </intent-filter>
84        </activity>
85
86        <provider
86-->[:react-native-webview] AndroidManifest.xml:8:9-16:20
87            android:name="com.reactnativecommunity.webview.RNCWebViewFileProvider"
87-->[:react-native-webview] AndroidManifest.xml:9:13-83
88            android:authorities="com.anonymous.dashwaverntest.fileprovider"
88-->[:react-native-webview] AndroidManifest.xml:10:13-64
89            android:exported="false"
89-->[:react-native-webview] AndroidManifest.xml:11:13-37
90            android:grantUriPermissions="true" >
90-->[:react-native-webview] AndroidManifest.xml:12:13-47
91            <meta-data
91-->[:react-native-webview] AndroidManifest.xml:13:13-15:63
92                android:name="android.support.FILE_PROVIDER_PATHS"
92-->[:react-native-webview] AndroidManifest.xml:14:17-67
93                android:resource="@xml/file_provider_paths" />
93-->[:react-native-webview] AndroidManifest.xml:15:17-60
94        </provider>
95        <provider
95-->[:expo-file-system] AndroidManifest.xml:21:9-30:20
96            android:name="expo.modules.filesystem.FileSystemFileProvider"
96-->[:expo-file-system] AndroidManifest.xml:22:13-74
97            android:authorities="com.anonymous.dashwaverntest.FileSystemFileProvider"
97-->[:expo-file-system] AndroidManifest.xml:23:13-74
98            android:exported="false"
98-->[:expo-file-system] AndroidManifest.xml:24:13-37
99            android:grantUriPermissions="true" >
99-->[:expo-file-system] AndroidManifest.xml:25:13-47
100            <meta-data
100-->[:react-native-webview] AndroidManifest.xml:13:13-15:63
101                android:name="android.support.FILE_PROVIDER_PATHS"
101-->[:react-native-webview] AndroidManifest.xml:14:17-67
102                android:resource="@xml/file_system_provider_paths" />
102-->[:react-native-webview] AndroidManifest.xml:15:17-60
103        </provider>
104
105        <meta-data
105-->[:expo-modules-core] AndroidManifest.xml:9:9-11:89
106            android:name="org.unimodules.core.AppLoader#react-native-headless"
106-->[:expo-modules-core] AndroidManifest.xml:10:13-79
107            android:value="expo.modules.adapters.react.apploader.RNHeadlessAppLoader" />
107-->[:expo-modules-core] AndroidManifest.xml:11:13-86
108        <meta-data
108-->[:expo-modules-core] AndroidManifest.xml:12:9-15:45
109            android:name="com.facebook.soloader.enabled"
109-->[:expo-modules-core] AndroidManifest.xml:13:13-57
110            android:value="true" />
110-->[:expo-modules-core] AndroidManifest.xml:14:13-33
111
112        <provider
112-->[androidx.emoji2:emoji2:1.3.0] AndroidManifest.xml:24:9-32:20
113            android:name="androidx.startup.InitializationProvider"
113-->[androidx.emoji2:emoji2:1.3.0] AndroidManifest.xml:25:13-67
114            android:authorities="com.anonymous.dashwaverntest.androidx-startup"
114-->[androidx.emoji2:emoji2:1.3.0] AndroidManifest.xml:26:13-68
115            android:exported="false" >
115-->[androidx.emoji2:emoji2:1.3.0] AndroidManifest.xml:27:13-37
116            <meta-data
116-->[androidx.emoji2:emoji2:1.3.0] AndroidManifest.xml:29:13-31:52
117                android:name="androidx.emoji2.text.EmojiCompatInitializer"
117-->[androidx.emoji2:emoji2:1.3.0] AndroidManifest.xml:30:17-75
118                android:value="androidx.startup" />
118-->[androidx.emoji2:emoji2:1.3.0] AndroidManifest.xml:31:17-49
119            <meta-data
119-->[androidx.lifecycle:lifecycle-process:2.8.3] AndroidManifest.xml:29:13-31:52
120                android:name="androidx.lifecycle.ProcessLifecycleInitializer"
120-->[androidx.lifecycle:lifecycle-process:2.8.3] AndroidManifest.xml:30:17-78
121                android:value="androidx.startup" />
121-->[androidx.lifecycle:lifecycle-process:2.8.3] AndroidManifest.xml:31:17-49
122            <meta-data
122-->[androidx.profileinstaller:profileinstaller:1.3.1] AndroidManifest.xml:29:13-31:52
123                android:name="androidx.profileinstaller.ProfileInstallerInitializer"
123-->[androidx.profileinstaller:profileinstaller:1.3.1] AndroidManifest.xml:30:17-85
124                android:value="androidx.startup" />
124-->[androidx.profileinstaller:profileinstaller:1.3.1] AndroidManifest.xml:31:17-49
125        </provider>
126
127        <receiver
127-->[androidx.profileinstaller:profileinstaller:1.3.1] AndroidManifest.xml:34:9-52:20
128            android:name="androidx.profileinstaller.ProfileInstallReceiver"
128-->[androidx.profileinstaller:profileinstaller:1.3.1] AndroidManifest.xml:35:13-76
129            android:directBootAware="false"
129-->[androidx.profileinstaller:profileinstaller:1.3.1] AndroidManifest.xml:36:13-44
130            android:enabled="true"
130-->[androidx.profileinstaller:profileinstaller:1.3.1] AndroidManifest.xml:37:13-35
131            android:exported="true"
131-->[androidx.profileinstaller:profileinstaller:1.3.1] AndroidManifest.xml:38:13-36
132            android:permission="android.permission.DUMP" >
132-->[androidx.profileinstaller:profileinstaller:1.3.1] AndroidManifest.xml:39:13-57
133            <intent-filter>
133-->[androidx.profileinstaller:profileinstaller:1.3.1] AndroidManifest.xml:40:13-42:29
134                <action android:name="androidx.profileinstaller.action.INSTALL_PROFILE" />
134-->[androidx.profileinstaller:profileinstaller:1.3.1] AndroidManifest.xml:41:17-91
134-->[androidx.profileinstaller:profileinstaller:1.3.1] AndroidManifest.xml:41:25-88
135            </intent-filter>
136            <intent-filter>
136-->[androidx.profileinstaller:profileinstaller:1.3.1] AndroidManifest.xml:43:13-45:29
137                <action android:name="androidx.profileinstaller.action.SKIP_FILE" />
137-->[androidx.profileinstaller:profileinstaller:1.3.1] AndroidManifest.xml:44:17-85
137-->[androidx.profileinstaller:profileinstaller:1.3.1] AndroidManifest.xml:44:25-82
138            </intent-filter>
139            <intent-filter>
139-->[androidx.profileinstaller:profileinstaller:1.3.1] AndroidManifest.xml:46:13-48:29
140                <action android:name="androidx.profileinstaller.action.SAVE_PROFILE" />
140-->[androidx.profileinstaller:profileinstaller:1.3.1] AndroidManifest.xml:47:17-88
140-->[androidx.profileinstaller:profileinstaller:1.3.1] AndroidManifest.xml:47:25-85
141            </intent-filter>
142            <intent-filter>
142-->[androidx.profileinstaller:profileinstaller:1.3.1] AndroidManifest.xml:49:13-51:29
143                <action android:name="androidx.profileinstaller.action.BENCHMARK_OPERATION" />
143-->[androidx.profileinstaller:profileinstaller:1.3.1] AndroidManifest.xml:50:17-95
143-->[androidx.profileinstaller:profileinstaller:1.3.1] AndroidManifest.xml:50:25-92
144            </intent-filter>
145        </receiver>
146    </application>
147
148</manifest>